[debug] [2021-07-06T21:52:16.680Z] ----------------------------------------------------------------------
[debug] [2021-07-06T21:52:16.687Z] Command:       C:\Program Files\nodejs\node.exe C:\Users\Gabriel Urdiale\AppData\Roaming\npm\node_modules\firebase-tools\lib\bin\firebase.js init hosting
[debug] [2021-07-06T21:52:16.688Z] CLI Version:   9.14.0
[debug] [2021-07-06T21:52:16.688Z] Platform:      win32
[debug] [2021-07-06T21:52:16.688Z] Node Version:  v15.12.0
[debug] [2021-07-06T21:52:16.692Z] Time:          Tue Jul 06 2021 18:52:16 GMT-0300 (Brasilia Standard Time)
[debug] [2021-07-06T21:52:16.692Z] ----------------------------------------------------------------------
[debug] 
[debug] [2021-07-06T21:52:16.731Z] > command requires scopes: ["email","openid","https://www.googleapis.com/auth/cloudplatformprojects.readonly","https://www.googleapis.com/auth/firebase","https://www.googleapis.com/auth/cloud-platform"]
[debug] [2021-07-06T21:52:16.732Z] > authorizing via signed-in user (urdiale.gabriel@gmail.com)
[info] 
     ######## #### ########  ######## ########     ###     ######  ########
     ##        ##  ##     ## ##       ##     ##  ##   ##  ##       ##
     ######    ##  ########  ######   ########  #########  ######  ######
     ##        ##  ##    ##  ##       ##     ## ##     ##       ## ##
     ##       #### ##     ## ######## ########  ##     ##  ######  ########

You're about to initialize a Firebase project in this directory:

  C:\Users\Gabriel Urdiale\Desktop\ep-ia\ep-ia

Before we get started, keep in mind:

  * You are initializing within an existing Firebase project directory

[info] 
=== Project Setup
[info] 
[info] First, let's associate this project directory with a Firebase project.
[info] You can create multiple project aliases by running firebase use --add, 
[info] but for now we'll just set up a default project.
[info] 
[info] i  .firebaserc already has a default project, using ep-ia-2021. 
[debug] [2021-07-06T21:52:29.932Z] >>> [apiv2][query] GET https://firebase.googleapis.com/v1beta1/projects/ep-ia-2021 [none]
[debug] [2021-07-06T21:52:30.499Z] <<< [apiv2][status] GET https://firebase.googleapis.com/v1beta1/projects/ep-ia-2021 200
[debug] [2021-07-06T21:52:30.500Z] <<< [apiv2][body] GET https://firebase.googleapis.com/v1beta1/projects/ep-ia-2021 {"projectId":"ep-ia-2021","projectNumber":"965742830964","displayName":"EP-IA 2021","name":"projects/ep-ia-2021","resources":{"hostingSite":"ep-ia-2021"},"state":"ACTIVE"}
[info] 
=== Hosting Setup
[info] 
[info] Your public directory is the folder (relative to your project directory) that
[info] will contain Hosting assets to be uploaded with firebase deploy. If you
[info] have a build process for your assets, use your build's output directory.
[info] 
[debug] [2021-07-06T21:53:31.041Z] >>> [apiv2][query] GET https://www.gstatic.com/firebasejs/releases.json [none]
[debug] [2021-07-06T21:53:31.174Z] <<< [apiv2][status] GET https://www.gstatic.com/firebasejs/releases.json 200
[debug] [2021-07-06T21:53:31.175Z] <<< [apiv2][body] GET https://www.gstatic.com/firebasejs/releases.json {"current":{"version":"8.7.0","browserURL":"https://www.gstatic.com/firebasejs/8.7.0/firebase.js","packageURL":"https://www.gstatic.com/firebasejs/8.7.0/firebase.tgz"},"live":{"version":"8.7","browserURL":"https://www.gstatic.com/firebasejs/live/8.7/firebase.js","packageURL":"https://www.gstatic.com/firebasejs/live/8.7/firebase.tgz"},"components":{"analytics":"https://www.gstatic.com/firebasejs/8.7.0/firebase-analytics.js","app":"https://www.gstatic.com/firebasejs/8.7.0/firebase-app.js","app-check":"https://www.gstatic.com/firebasejs/8.7.0/firebase-app-check.js","auth":"https://www.gstatic.com/firebasejs/8.7.0/firebase-auth.js","database":"https://www.gstatic.com/firebasejs/8.7.0/firebase-database.js","firestore":"https://www.gstatic.com/firebasejs/8.7.0/firebase-firestore.js","functions":"https://www.gstatic.com/firebasejs/8.7.0/firebase-functions.js","installations":"https://www.gstatic.com/firebasejs/8.7.0/firebase-installations.js","messaging":"https://www.gstatic.com/firebasejs/8.7.0/firebase-messaging.js","storage":"https://www.gstatic.com/firebasejs/8.7.0/firebase-storage.js","performance":"https://www.gstatic.com/firebasejs/8.7.0/firebase-performance.js","remote-config":"https://www.gstatic.com/firebasejs/8.7.0/firebase-remote-config.js","firestore.memory":"https://www.gstatic.com/firebasejs/8.7.0/firebase-firestore.memory.js"}}
[debug] [2021-07-06T21:53:31.400Z] Error: EINVAL: invalid argument, mkdir 'C:\Users\Gabriel Urdiale\Desktop\ep-ia\ep-ia\dist	'
    at Object.mkdirSync (node:fs:1023:3)
    at Object.mkdirsSync (C:\Users\Gabriel Urdiale\AppData\Roaming\npm\node_modules\firebase-tools\node_modules\fs-extra\lib\mkdirs\mkdirs-sync.js:31:9)
    at Object.createFileSync (C:\Users\Gabriel Urdiale\AppData\Roaming\npm\node_modules\firebase-tools\node_modules\fs-extra\lib\ensure\file.js:40:11)
    at Config.writeProjectFile (C:\Users\Gabriel Urdiale\AppData\Roaming\npm\node_modules\firebase-tools\lib\config.js:142:12)
    at C:\Users\Gabriel Urdiale\AppData\Roaming\npm\node_modules\firebase-tools\lib\config.js:160:22
    at processTicksAndRejections (node:internal/process/task_queues:94:5)
[error] 
[error] Error: An unexpected error has occurred.
[debug] [2021-07-06T21:53:48.863Z] ----------------------------------------------------------------------
[debug] [2021-07-06T21:53:48.866Z] Command:       C:\Program Files\nodejs\node.exe C:\Users\Gabriel Urdiale\AppData\Roaming\npm\node_modules\firebase-tools\lib\bin\firebase.js init hosting
[debug] [2021-07-06T21:53:48.867Z] CLI Version:   9.14.0
[debug] [2021-07-06T21:53:48.868Z] Platform:      win32
[debug] [2021-07-06T21:53:48.868Z] Node Version:  v15.12.0
[debug] [2021-07-06T21:53:48.873Z] Time:          Tue Jul 06 2021 18:53:48 GMT-0300 (Brasilia Standard Time)
[debug] [2021-07-06T21:53:48.873Z] ----------------------------------------------------------------------
[debug] 
[debug] [2021-07-06T21:53:48.907Z] > command requires scopes: ["email","openid","https://www.googleapis.com/auth/cloudplatformprojects.readonly","https://www.googleapis.com/auth/firebase","https://www.googleapis.com/auth/cloud-platform"]
[debug] [2021-07-06T21:53:48.908Z] > authorizing via signed-in user (urdiale.gabriel@gmail.com)
[info] 
     ######## #### ########  ######## ########     ###     ######  ########
     ##        ##  ##     ## ##       ##     ##  ##   ##  ##       ##
     ######    ##  ########  ######   ########  #########  ######  ######
     ##        ##  ##    ##  ##       ##     ## ##     ##       ## ##
     ##       #### ##     ## ######## ########  ##     ##  ######  ########

You're about to initialize a Firebase project in this directory:

  C:\Users\Gabriel Urdiale\Desktop\ep-ia\ep-ia

Before we get started, keep in mind:

  * You are initializing within an existing Firebase project directory

[info] 
=== Project Setup
[info] 
[info] First, let's associate this project directory with a Firebase project.
[info] You can create multiple project aliases by running firebase use --add, 
[info] but for now we'll just set up a default project.
[info] 
[info] i  .firebaserc already has a default project, using ep-ia-2021. 
[debug] [2021-07-06T21:54:57.598Z] >>> [apiv2][query] GET https://firebase.googleapis.com/v1beta1/projects/ep-ia-2021 [none]
[debug] [2021-07-06T21:54:58.728Z] <<< [apiv2][status] GET https://firebase.googleapis.com/v1beta1/projects/ep-ia-2021 200
[debug] [2021-07-06T21:54:58.729Z] <<< [apiv2][body] GET https://firebase.googleapis.com/v1beta1/projects/ep-ia-2021 {"projectId":"ep-ia-2021","projectNumber":"965742830964","displayName":"EP-IA 2021","name":"projects/ep-ia-2021","resources":{"hostingSite":"ep-ia-2021"},"state":"ACTIVE"}
[info] 
=== Hosting Setup
[info] 
[info] Your public directory is the folder (relative to your project directory) that
[info] will contain Hosting assets to be uploaded with firebase deploy. If you
[info] have a build process for your assets, use your build's output directory.
[info] 
[debug] [2021-07-06T21:56:53.449Z] >>> [apiv2][query] GET https://www.gstatic.com/firebasejs/releases.json [none]
[debug] [2021-07-06T21:56:53.590Z] <<< [apiv2][status] GET https://www.gstatic.com/firebasejs/releases.json 200
[debug] [2021-07-06T21:56:53.591Z] <<< [apiv2][body] GET https://www.gstatic.com/firebasejs/releases.json {"current":{"version":"8.7.0","browserURL":"https://www.gstatic.com/firebasejs/8.7.0/firebase.js","packageURL":"https://www.gstatic.com/firebasejs/8.7.0/firebase.tgz"},"live":{"version":"8.7","browserURL":"https://www.gstatic.com/firebasejs/live/8.7/firebase.js","packageURL":"https://www.gstatic.com/firebasejs/live/8.7/firebase.tgz"},"components":{"analytics":"https://www.gstatic.com/firebasejs/8.7.0/firebase-analytics.js","app":"https://www.gstatic.com/firebasejs/8.7.0/firebase-app.js","app-check":"https://www.gstatic.com/firebasejs/8.7.0/firebase-app-check.js","auth":"https://www.gstatic.com/firebasejs/8.7.0/firebase-auth.js","database":"https://www.gstatic.com/firebasejs/8.7.0/firebase-database.js","firestore":"https://www.gstatic.com/firebasejs/8.7.0/firebase-firestore.js","functions":"https://www.gstatic.com/firebasejs/8.7.0/firebase-functions.js","installations":"https://www.gstatic.com/firebasejs/8.7.0/firebase-installations.js","messaging":"https://www.gstatic.com/firebasejs/8.7.0/firebase-messaging.js","storage":"https://www.gstatic.com/firebasejs/8.7.0/firebase-storage.js","performance":"https://www.gstatic.com/firebasejs/8.7.0/firebase-performance.js","remote-config":"https://www.gstatic.com/firebasejs/8.7.0/firebase-remote-config.js","firestore.memory":"https://www.gstatic.com/firebasejs/8.7.0/firebase-firestore.memory.js"}}
[info] +  Wrote dist/index.html 
[info] 
[info] i  Detected a .git folder at C:\Users\Gabriel Urdiale\Desktop\ep-ia\ep-ia 
[info] i  Authorizing with GitHub to upload your service account to a GitHub repository's secrets store. 
[info] 
[info] Visit this URL on this device to log in:
[info] https://github.com/login/oauth/authorize?client_id=89cf50f02ac6aaed3484&state=263607110&redirect_uri=http%3A%2F%2Flocalhost%3A9005&scope=read%3Auser%20repo%20public_repo
[info] 
[info] Waiting for authentication...
[debug] [2021-07-06T21:56:59.358Z] >>> HTTP REQUEST POST https://github.com/login/oauth/access_token  
 {"client_id":"89cf50f02ac6aaed3484","client_secret":"3330d14abc895d9a74d5f17cd7a00711fa2c5bf0","code":"d4adb7863c04af2f0d74","redirect_uri":"http://localhost:9005","state":"263607110"}
[debug] [2021-07-06T21:56:59.936Z] <<< HTTP RESPONSE 200 {"server":"GitHub.com","date":"Tue, 06 Jul 2021 21:57:01 GMT","content-type":"application/json; charset=utf-8","transfer-encoding":"chunked","vary":"X-PJAX, Accept-Encoding, Accept, X-Requested-With","permissions-policy":"interest-cohort=()","etag":"W/\"d7979689b13d785fb227ff411101a03b\"","cache-control":"max-age=0, private, must-revalidate","strict-transport-security":"max-age=31536000; includeSubdomains; preload","x-frame-options":"deny","x-content-type-options":"nosniff","x-xss-protection":"0","referrer-policy":"origin-when-cross-origin, strict-origin-when-cross-origin","expect-ct":"max-age=2592000, report-uri=\"https://api.github.com/_private/browser/errors\"","content-security-policy":"default-src 'none'; base-uri 'self'; block-all-mixed-content; connect-src 'self' uploads.github.com www.githubstatus.com collector.githubapp.com api.github.com github-cloud.s3.amazonaws.com github-production-repository-file-5c1aeb.s3.amazonaws.com github-production-upload-manifest-file-7fdce7.s3.amazonaws.com github-production-user-asset-6210df.s3.amazonaws.com cdn.optimizely.com logx.optimizely.com/v1/events translator.github.com wss://alive.github.com; font-src github.githubassets.com; form-action 'self' github.com gist.github.com; frame-ancestors 'none'; frame-src render.githubusercontent.com render-temp.githubusercontent.com viewscreen.githubusercontent.com; img-src 'self' data: github.githubassets.com identicons.github.com collector.githubapp.com github-cloud.s3.amazonaws.com secured-user-images.githubusercontent.com/ *.githubusercontent.com; manifest-src 'self'; media-src 'none'; script-src github.githubassets.com; style-src 'unsafe-inline' github.githubassets.com; worker-src github.com/socket-worker-3f088aa2.js gist.github.com/socket-worker-3f088aa2.js","x-github-request-id":"C9AB:1608:2D2E80:F625AC:60E4D1AD"}
[debug] [2021-07-06T21:56:59.947Z] >>> [apiv2][query] GET https://api.github.com/user [none]
[debug] [2021-07-06T21:57:00.625Z] <<< [apiv2][status] GET https://api.github.com/user 200
[debug] [2021-07-06T21:57:00.626Z] <<< [apiv2][body] GET https://api.github.com/user {"login":"Urdiale","id":59063578,"node_id":"MDQ6VXNlcjU5MDYzNTc4","avatar_url":"https://avatars.githubusercontent.com/u/59063578?v=4","gravatar_id":"","url":"https://api.github.com/users/Urdiale","html_url":"https://github.com/Urdiale","followers_url":"https://api.github.com/users/Urdiale/followers","following_url":"https://api.github.com/users/Urdiale/following{/other_user}","gists_url":"https://api.github.com/users/Urdiale/gists{/gist_id}","starred_url":"https://api.github.com/users/Urdiale/starred{/owner}{/repo}","subscriptions_url":"https://api.github.com/users/Urdiale/subscriptions","organizations_url":"https://api.github.com/users/Urdiale/orgs","repos_url":"https://api.github.com/users/Urdiale/repos","events_url":"https://api.github.com/users/Urdiale/events{/privacy}","received_events_url":"https://api.github.com/users/Urdiale/received_events","type":"User","site_admin":false,"name":null,"company":null,"blog":"","location":null,"email":null,"hireable":null,"bio":null,"twitter_username":null,"public_repos":1,"public_gists":0,"followers":0,"following":0,"created_at":"2019-12-19T17:43:12Z","updated_at":"2021-07-06T20:29:11Z","private_gists":0,"total_private_repos":5,"owned_private_repos":5,"disk_usage":830,"collaborators":0,"two_factor_authentication":false,"plan":{"name":"free","space":976562499,"collaborators":0,"private_repos":10000}}
[info] 
[info] +  Success! Logged into GitHub as Urdiale 
[info] 
[debug] [2021-07-06T21:59:00.050Z] >>> [apiv2][query] GET https://api.github.com/repos/Urdiale/actions/secrets/public-key type=owner
[debug] [2021-07-06T21:59:00.054Z] >>> [apiv2][query] GET https://api.github.com/repos///actions/secrets/public-key type=owner
[debug] [2021-07-06T21:59:00.056Z] >>> [apiv2][query] GET https://api.github.com/repos/ep-ia/actions/secrets/public-key type=owner
[debug] [2021-07-06T21:59:00.608Z] <<< [apiv2][status] GET https://api.github.com/repos///actions/secrets/public-key 404
[debug] [2021-07-06T21:59:00.608Z] <<< [apiv2][body] GET https://api.github.com/repos///actions/secrets/public-key {"message":"Not Found","documentation_url":"https://docs.github.com/rest"}
[debug] [2021-07-06T21:59:00.662Z] >>> [apiv2][query] GET https://api.github.com/repos/Urdiale/actions/secrets/public-key type=owner
[debug] [2021-07-06T21:59:00.665Z] >>> [apiv2][query] GET https://api.github.com/repos///actions/secrets/public-key type=owner
[debug] [2021-07-06T21:59:00.668Z] >>> [apiv2][query] GET https://api.github.com/repos/ep-ia/actions/secrets/public-key type=owner
[debug] [2021-07-06T21:59:00.676Z] <<< [apiv2][status] GET https://api.github.com/repos/Urdiale/actions/secrets/public-key 404
[debug] [2021-07-06T21:59:00.676Z] <<< [apiv2][body] GET https://api.github.com/repos/Urdiale/actions/secrets/public-key {"message":"Not Found","documentation_url":"https://docs.github.com/rest"}
[debug] [2021-07-06T21:59:00.680Z] <<< [apiv2][status] GET https://api.github.com/repos/ep-ia/actions/secrets/public-key 404
[debug] [2021-07-06T21:59:00.680Z] <<< [apiv2][body] GET https://api.github.com/repos/ep-ia/actions/secrets/public-key {"message":"Not Found","documentation_url":"https://docs.github.com/rest"}
[debug] [2021-07-06T21:59:01.208Z] <<< [apiv2][status] GET https://api.github.com/repos/ep-ia/actions/secrets/public-key 404
[debug] [2021-07-06T21:59:01.209Z] <<< [apiv2][body] GET https://api.github.com/repos/ep-ia/actions/secrets/public-key {"message":"Not Found","documentation_url":"https://docs.github.com/rest"}
[debug] [2021-07-06T21:59:01.211Z] <<< [apiv2][status] GET https://api.github.com/repos///actions/secrets/public-key 404
[debug] [2021-07-06T21:59:01.212Z] <<< [apiv2][body] GET https://api.github.com/repos///actions/secrets/public-key {"message":"Not Found","documentation_url":"https://docs.github.com/rest"}
[debug] [2021-07-06T21:59:01.216Z] <<< [apiv2][status] GET https://api.github.com/repos/Urdiale/actions/secrets/public-key 404
[debug] [2021-07-06T21:59:01.217Z] <<< [apiv2][body] GET https://api.github.com/repos/Urdiale/actions/secrets/public-key {"message":"Not Found","documentation_url":"https://docs.github.com/rest"}
[debug] [2021-07-06T21:59:01.929Z] >>> [apiv2][query] GET https://api.github.com/repos/Urdiale/actions/secrets/public-key type=owner
[debug] [2021-07-06T21:59:01.932Z] >>> [apiv2][query] GET https://api.github.com/repos///actions/secrets/public-key type=owner
[debug] [2021-07-06T21:59:01.936Z] >>> [apiv2][query] GET https://api.github.com/repos/ep-ia/actions/secrets/public-key type=owner
[debug] [2021-07-06T21:59:02.475Z] <<< [apiv2][status] GET https://api.github.com/repos/Urdiale/actions/secrets/public-key 404
[debug] [2021-07-06T21:59:02.475Z] <<< [apiv2][body] GET https://api.github.com/repos/Urdiale/actions/secrets/public-key {"message":"Not Found","documentation_url":"https://docs.github.com/rest"}
[debug] [2021-07-06T21:59:02.482Z] <<< [apiv2][status] GET https://api.github.com/repos///actions/secrets/public-key 404
[debug] [2021-07-06T21:59:02.482Z] <<< [apiv2][body] GET https://api.github.com/repos///actions/secrets/public-key {"message":"Not Found","documentation_url":"https://docs.github.com/rest"}
[debug] [2021-07-06T21:59:02.518Z] <<< [apiv2][status] GET https://api.github.com/repos/ep-ia/actions/secrets/public-key 404
[debug] [2021-07-06T21:59:02.518Z] <<< [apiv2][body] GET https://api.github.com/repos/ep-ia/actions/secrets/public-key {"message":"Not Found","documentation_url":"https://docs.github.com/rest"}
[debug] [2021-07-06T21:59:08.662Z] >>> [apiv2][query] GET https://api.github.com/repos/Urdiale/Urdiale/actions/secrets/public-key type=owner
[debug] [2021-07-06T21:59:08.664Z] >>> [apiv2][query] GET https://api.github.com/repos///actions/secrets/public-key type=owner
[debug] [2021-07-06T21:59:08.666Z] >>> [apiv2][query] GET https://api.github.com/repos/ep-ia/actions/secrets/public-key type=owner
[debug] [2021-07-06T21:59:09.215Z] <<< [apiv2][status] GET https://api.github.com/repos/ep-ia/actions/secrets/public-key 404
[debug] [2021-07-06T21:59:09.216Z] <<< [apiv2][body] GET https://api.github.com/repos/ep-ia/actions/secrets/public-key {"message":"Not Found","documentation_url":"https://docs.github.com/rest"}
[debug] [2021-07-06T21:59:09.244Z] <<< [apiv2][status] GET https://api.github.com/repos///actions/secrets/public-key 404
[debug] [2021-07-06T21:59:09.244Z] <<< [apiv2][body] GET https://api.github.com/repos///actions/secrets/public-key {"message":"Not Found","documentation_url":"https://docs.github.com/rest"}
[debug] [2021-07-06T21:59:09.264Z] <<< [apiv2][status] GET https://api.github.com/repos/Urdiale/Urdiale/actions/secrets/public-key 200
[debug] [2021-07-06T21:59:09.264Z] <<< [apiv2][body] GET https://api.github.com/repos/Urdiale/Urdiale/actions/secrets/public-key {"key_id":"568250167242549743","key":"hNd3IuVPMaC4j2ojL+okDoZDAKeNBDbuZYmkx4FT1GM="}
[debug] [2021-07-06T21:59:09.267Z] >>> [apiv2][query] GET https://api.github.com/repos/Urdiale/Urdiale [none]
[debug] [2021-07-06T21:59:09.837Z] <<< [apiv2][status] GET https://api.github.com/repos/Urdiale/Urdiale 200
[debug] [2021-07-06T21:59:09.838Z] <<< [apiv2][body] GET https://api.github.com/repos/Urdiale/Urdiale {"id":352733357,"node_id":"MDEwOlJlcG9zaXRvcnkzNTI3MzMzNTc=","name":"Urdiale","full_name":"Urdiale/Urdiale","private":false,"owner":{"login":"Urdiale","id":59063578,"node_id":"MDQ6VXNlcjU5MDYzNTc4","avatar_url":"https://avatars.githubusercontent.com/u/59063578?v=4","gravatar_id":"","url":"https://api.github.com/users/Urdiale","html_url":"https://github.com/Urdiale","followers_url":"https://api.github.com/users/Urdiale/followers","following_url":"https://api.github.com/users/Urdiale/following{/other_user}","gists_url":"https://api.github.com/users/Urdiale/gists{/gist_id}","starred_url":"https://api.github.com/users/Urdiale/starred{/owner}{/repo}","subscriptions_url":"https://api.github.com/users/Urdiale/subscriptions","organizations_url":"https://api.github.com/users/Urdiale/orgs","repos_url":"https://api.github.com/users/Urdiale/repos","events_url":"https://api.github.com/users/Urdiale/events{/privacy}","received_events_url":"https://api.github.com/users/Urdiale/received_events","type":"User","site_admin":false},"html_url":"https://github.com/Urdiale/Urdiale","description":"Config files for my GitHub profile.","fork":false,"url":"https://api.github.com/repos/Urdiale/Urdiale","forks_url":"https://api.github.com/repos/Urdiale/Urdiale/forks","keys_url":"https://api.github.com/repos/Urdiale/Urdiale/keys{/key_id}","collaborators_url":"https://api.github.com/repos/Urdiale/Urdiale/collaborators{/collaborator}","teams_url":"https://api.github.com/repos/Urdiale/Urdiale/teams","hooks_url":"https://api.github.com/repos/Urdiale/Urdiale/hooks","issue_events_url":"https://api.github.com/repos/Urdiale/Urdiale/issues/events{/number}","events_url":"https://api.github.com/repos/Urdiale/Urdiale/events","assignees_url":"https://api.github.com/repos/Urdiale/Urdiale/assignees{/user}","branches_url":"https://api.github.com/repos/Urdiale/Urdiale/branches{/branch}","tags_url":"https://api.github.com/repos/Urdiale/Urdiale/tags","blobs_url":"https://api.github.com/repos/Urdiale/Urdiale/git/blobs{/sha}","git_tags_url":"https://api.github.com/repos/Urdiale/Urdiale/git/tags{/sha}","git_refs_url":"https://api.github.com/repos/Urdiale/Urdiale/git/refs{/sha}","trees_url":"https://api.github.com/repos/Urdiale/Urdiale/git/trees{/sha}","statuses_url":"https://api.github.com/repos/Urdiale/Urdiale/statuses/{sha}","languages_url":"https://api.github.com/repos/Urdiale/Urdiale/languages","stargazers_url":"https://api.github.com/repos/Urdiale/Urdiale/stargazers","contributors_url":"https://api.github.com/repos/Urdiale/Urdiale/contributors","subscribers_url":"https://api.github.com/repos/Urdiale/Urdiale/subscribers","subscription_url":"https://api.github.com/repos/Urdiale/Urdiale/subscription","commits_url":"https://api.github.com/repos/Urdiale/Urdiale/commits{/sha}","git_commits_url":"https://api.github.com/repos/Urdiale/Urdiale/git/commits{/sha}","comments_url":"https://api.github.com/repos/Urdiale/Urdiale/comments{/number}","issue_comment_url":"https://api.github.com/repos/Urdiale/Urdiale/issues/comments{/number}","contents_url":"https://api.github.com/repos/Urdiale/Urdiale/contents/{+path}","compare_url":"https://api.github.com/repos/Urdiale/Urdiale/compare/{base}...{head}","merges_url":"https://api.github.com/repos/Urdiale/Urdiale/merges","archive_url":"https://api.github.com/repos/Urdiale/Urdiale/{archive_format}{/ref}","downloads_url":"https://api.github.com/repos/Urdiale/Urdiale/downloads","issues_url":"https://api.github.com/repos/Urdiale/Urdiale/issues{/number}","pulls_url":"https://api.github.com/repos/Urdiale/Urdiale/pulls{/number}","milestones_url":"https://api.github.com/repos/Urdiale/Urdiale/milestones{/number}","notifications_url":"https://api.github.com/repos/Urdiale/Urdiale/notifications{?since,all,participating}","labels_url":"https://api.github.com/repos/Urdiale/Urdiale/labels{/name}","releases_url":"https://api.github.com/repos/Urdiale/Urdiale/releases{/id}","deployments_url":"https://api.github.com/repos/Urdiale/Urdiale/deployments","created_at":"2021-03-29T17:45:55Z","updated_at":"2021-03-29T17:45:55Z","pushed_at":"2021-03-29T17:45:55Z","git_url":"git://github.com/Urdiale/Urdiale.git","ssh_url":"git@github.com:Urdiale/Urdiale.git","clone_url":"https://github.com/Urdiale/Urdiale.git","svn_url":"https://github.com/Urdiale/Urdiale","homepage":"https://github.com/Urdiale","size":0,"stargazers_count":0,"watchers_count":0,"language":null,"has_issues":false,"has_projects":true,"has_downloads":true,"has_wiki":false,"has_pages":false,"forks_count":0,"mirror_url":null,"archived":false,"disabled":false,"open_issues_count":0,"license":null,"forks":0,"open_issues":0,"watchers":0,"default_branch":"main","permissions":{"admin":true,"push":true,"pull":true},"temp_clone_token":"","allow_squash_merge":true,"allow_merge_commit":true,"allow_rebase_merge":true,"delete_branch_on_merge":false,"network_count":0,"subscribers_count":1}
[debug] [2021-07-06T21:59:09.840Z] > refreshing access token with scopes: ["email","https://www.googleapis.com/auth/cloud-platform","https://www.googleapis.com/auth/cloudplatformprojects.readonly","https://www.googleapis.com/auth/firebase","openid"]
[debug] [2021-07-06T21:59:09.840Z] >>> HTTP REQUEST POST https://www.googleapis.com/oauth2/v3/token  
 <request body omitted>
[debug] [2021-07-06T21:59:10.052Z] <<< HTTP RESPONSE 200 {"pragma":"no-cache","date":"Tue, 06 Jul 2021 21:59:11 GMT","cache-control":"no-cache, no-store, max-age=0, must-revalidate","expires":"Mon, 01 Jan 1990 00:00:00 GMT","content-type":"application/json; charset=utf-8","vary":"X-Origin, Referer, Origin,Accept-Encoding","server":"scaffolding on HTTPServer2","x-xss-protection":"0","x-frame-options":"SAMEORIGIN","x-content-type-options":"nosniff","alt-svc":"h3=\":443\"; ma=2592000,h3-29=\":443\"; ma=2592000,h3-T051=\":443\"; ma=2592000,h3-Q050=\":443\"; ma=2592000,h3-Q046=\":443\"; ma=2592000,h3-Q043=\":443\"; ma=2592000,quic=\":443\"; ma=2592000; v=\"46,43\"","accept-ranges":"none","transfer-encoding":"chunked"}
[debug] [2021-07-06T21:59:10.173Z] >>> HTTP REQUEST POST https://iam.googleapis.com/v1/projects/ep-ia-2021/serviceAccounts  
 {"accountId":"github-action-352733357","serviceAccount":{"displayName":"GitHub Actions (Urdiale/Urdiale)","description":"A service account with permission to deploy to Firebase Hosting for the GitHub repository Urdiale/Urdiale"}}
[debug] [2021-07-06T21:59:11.439Z] <<< HTTP RESPONSE 200 {"content-type":"application/json; charset=UTF-8","vary":"X-Origin, Referer, Origin,Accept-Encoding","date":"Tue, 06 Jul 2021 21:59:13 GMT","server":"ESF","cache-control":"private","x-xss-protection":"0","x-frame-options":"SAMEORIGIN","x-content-type-options":"nosniff","alt-svc":"h3=\":443\"; ma=2592000,h3-29=\":443\"; ma=2592000,h3-T051=\":443\"; ma=2592000,h3-Q050=\":443\"; ma=2592000,h3-Q046=\":443\"; ma=2592000,h3-Q043=\":443\"; ma=2592000,quic=\":443\"; ma=2592000; v=\"46,43\"","accept-ranges":"none","transfer-encoding":"chunked"}
[debug] [2021-07-06T21:59:11.441Z] >>> HTTP REQUEST GET https://iam.googleapis.com/v1/projects/ep-ia-2021/serviceAccounts/github-action-352733357@ep-ia-2021.iam.gserviceaccount.com  
 
[debug] [2021-07-06T21:59:11.442Z] >>> HTTP REQUEST POST https://cloudresourcemanager.googleapis.com/v1/projects/ep-ia-2021:getIamPolicy  
 
[debug] [2021-07-06T21:59:12.379Z] <<< HTTP RESPONSE 200 {"content-type":"application/json; charset=UTF-8","vary":"X-Origin, Referer, Origin,Accept-Encoding","date":"Tue, 06 Jul 2021 21:59:14 GMT","server":"ESF","cache-control":"private","x-xss-protection":"0","x-frame-options":"SAMEORIGIN","x-content-type-options":"nosniff","alt-svc":"h3=\":443\"; ma=2592000,h3-29=\":443\"; ma=2592000,h3-T051=\":443\"; ma=2592000,h3-Q050=\":443\"; ma=2592000,h3-Q046=\":443\"; ma=2592000,h3-Q043=\":443\"; ma=2592000,quic=\":443\"; ma=2592000; v=\"46,43\"","accept-ranges":"none","transfer-encoding":"chunked"}
[debug] [2021-07-06T21:59:12.450Z] <<< HTTP RESPONSE 200 {"content-type":"application/json; charset=UTF-8","vary":"X-Origin, Referer, Origin,Accept-Encoding","date":"Tue, 06 Jul 2021 21:59:14 GMT","server":"ESF","cache-control":"private","x-xss-protection":"0","x-frame-options":"SAMEORIGIN","x-content-type-options":"nosniff","server-timing":"gfet4t7; dur=800","alt-svc":"h3=\":443\"; ma=2592000,h3-29=\":443\"; ma=2592000,h3-T051=\":443\"; ma=2592000,h3-Q050=\":443\"; ma=2592000,h3-Q046=\":443\"; ma=2592000,h3-Q043=\":443\"; ma=2592000,quic=\":443\"; ma=2592000; v=\"46,43\"","accept-ranges":"none","transfer-encoding":"chunked"}
[debug] [2021-07-06T21:59:12.451Z] >>> HTTP REQUEST POST https://cloudresourcemanager.googleapis.com/v1/projects/ep-ia-2021:setIamPolicy  
 {"policy":{"version":1,"etag":"BwXGe1dcr0c=","bindings":[{"role":"roles/firebase.managementServiceAgent","members":["serviceAccount:firebase-service-account@firebase-sa-management.iam.gserviceaccount.com"]},{"role":"roles/firebase.sdkAdminServiceAgent","members":["serviceAccount:firebase-adminsdk-zotju@ep-ia-2021.iam.gserviceaccount.com"]},{"role":"roles/firebaseauth.admin","members":["serviceAccount:github-action-383589811@ep-ia-2021.iam.gserviceaccount.com","serviceAccount:github-action-352733357@ep-ia-2021.iam.gserviceaccount.com"]},{"role":"roles/firebasehosting.admin","members":["serviceAccount:github-action-383589811@ep-ia-2021.iam.gserviceaccount.com","serviceAccount:github-action-352733357@ep-ia-2021.iam.gserviceaccount.com"]},{"role":"roles/firebaserules.system","members":["serviceAccount:service-965742830964@firebase-rules.iam.gserviceaccount.com"]},{"role":"roles/iam.serviceAccountTokenCreator","members":["serviceAccount:firebase-adminsdk-zotju@ep-ia-2021.iam.gserviceaccount.com"]},{"role":"roles/owner","members":["user:urdiale.gabriel@gmail.com"]},{"role":"roles/pubsub.serviceAgent","members":["serviceAccount:service-965742830964@gcp-sa-pubsub.iam.gserviceaccount.com"]},{"role":"roles/run.viewer","members":["serviceAccount:github-action-383589811@ep-ia-2021.iam.gserviceaccount.com","serviceAccount:github-action-352733357@ep-ia-2021.iam.gserviceaccount.com"]},{"role":"roles/serviceusage.apiKeysViewer","members":["serviceAccount:github-action-383589811@ep-ia-2021.iam.gserviceaccount.com","serviceAccount:github-action-352733357@ep-ia-2021.iam.gserviceaccount.com"]}]},"updateMask":"bindings"}
[debug] [2021-07-06T21:59:13.828Z] <<< HTTP RESPONSE 200 {"content-type":"application/json; charset=UTF-8","vary":"X-Origin, Referer, Origin,Accept-Encoding","date":"Tue, 06 Jul 2021 21:59:15 GMT","server":"ESF","cache-control":"private","x-xss-protection":"0","x-frame-options":"SAMEORIGIN","x-content-type-options":"nosniff","server-timing":"gfet4t7; dur=1194","alt-svc":"h3=\":443\"; ma=2592000,h3-29=\":443\"; ma=2592000,h3-T051=\":443\"; ma=2592000,h3-Q050=\":443\"; ma=2592000,h3-Q046=\":443\"; ma=2592000,h3-Q043=\":443\"; ma=2592000,quic=\":443\"; ma=2592000; v=\"46,43\"","accept-ranges":"none","transfer-encoding":"chunked"}
[debug] [2021-07-06T21:59:13.829Z] >>> HTTP REQUEST POST https://iam.googleapis.com/v1/projects/ep-ia-2021/serviceAccounts/github-action-352733357@ep-ia-2021.iam.gserviceaccount.com/keys  
 {"keyAlgorithm":"KEY_ALG_UNSPECIFIED","privateKeyType":"TYPE_GOOGLE_CREDENTIALS_FILE"}
[debug] [2021-07-06T21:59:30.104Z] ----------------------------------------------------------------------
[debug] [2021-07-06T21:59:30.110Z] Command:       C:\Program Files\nodejs\node.exe C:\Users\Gabriel Urdiale\AppData\Roaming\npm\node_modules\firebase-tools\lib\bin\firebase.js init hosting
[debug] [2021-07-06T21:59:30.110Z] CLI Version:   9.14.0
[debug] [2021-07-06T21:59:30.111Z] Platform:      win32
[debug] [2021-07-06T21:59:30.111Z] Node Version:  v15.12.0
[debug] [2021-07-06T21:59:30.121Z] Time:          Tue Jul 06 2021 18:59:30 GMT-0300 (Brasilia Standard Time)
[debug] [2021-07-06T21:59:30.121Z] ----------------------------------------------------------------------
[debug] 
[debug] [2021-07-06T21:59:30.154Z] > command requires scopes: ["email","openid","https://www.googleapis.com/auth/cloudplatformprojects.readonly","https://www.googleapis.com/auth/firebase","https://www.googleapis.com/auth/cloud-platform"]
[debug] [2021-07-06T21:59:30.155Z] > authorizing via signed-in user (urdiale.gabriel@gmail.com)
[info] 
     ######## #### ########  ######## ########     ###     ######  ########
     ##        ##  ##     ## ##       ##     ##  ##   ##  ##       ##
     ######    ##  ########  ######   ########  #########  ######  ######
     ##        ##  ##    ##  ##       ##     ## ##     ##       ## ##
     ##       #### ##     ## ######## ########  ##     ##  ######  ########

You're about to initialize a Firebase project in this directory:

  C:\Users\Gabriel Urdiale\Desktop\ep-ia\ep-ia

Before we get started, keep in mind:

  * You are initializing within an existing Firebase project directory

